
+PBREADY                           - ответ модема о готовности

ATE1;+CMGF=1;+CSCS="gsm";+CLIP=1   -  команда настройки модема

OK

Напряжение: 7.54 Вольт            
Сетчк: 5
Таймер:0

Напряжение: 7.57 Вольт
Сетчк: 4
Таймер:0

Напряжение: 7.58 Вольт
Сетчк: 3
Таймер:0

Напряжение: 7.58 Вольт
Сетчк: 2
Таймер:0

Напряжение: 7.58 Вольт
Сетчк: 1
Таймер:0

AT+XIIC?                                   - проверка соединения


+XIIC:    0, 0.0.0.0                      - соединения нет, производим его настройку и установку

OK

AT+TCPCLOSE=0

+TCPCLOSE:Error
AT+XISP=0

OK

AT+CGDCONT=1,"IP","internet.mts.by"

OK

AT+XGAUTH=1,1,"mts","mts"

OK

AT+XIIC=1

OK

Напряжение: 7.57 Вольт
Сетчк: 5
Таймер:0

Напряжение: 7.60 Вольт
Сетчк: 4
Таймер:0

Напряжение: 7.60 Вольт
Сетчк: 3
Таймер:0

Напряжение: 7.58 Вольт
Сетчк: 2
Таймер:0

Напряжение: 7.60 Вольт
Сетчк: 1
Таймер:0

AT+XIIC?                           - прверка соединения


+XIIC:    1, 100.120.139.XXX       - соединение установлено 

OK

AT+TCPSETUP=0.94.142.140.101,8283  - установка связи с сервером

OK


+TCPSETUP:0,OK                     

#59-01-AA-00-00-00#GSM-Sensor     - отправка пакета на сервер
#Vbat#7.60
#Uptime#102
##
AT+TCPSEND=0,55

>
T+TCPCLOSE=0


ERROR


OK

+TCPSEND:0,55


>
T+TCPCLOSE=0


ERROR

OK

+TCPSEND:0,55



Предпусковая настройка         -  цикл запуска
Попытка №1
Стартер включил
Напряжение: 7.54 Вольт
Напряжение: 7.55 Вольт
Напряжение: 7.55 Вольт
Напряжение: 7.54 Вольт
Напряжение: 7.55 Вольт
Напряжение: 7.54 Вольт
Напряжение: 7.54 Вольт
Напряжение: 7.54 Вольт
Напряжение: 7.55 Вольт
Напряжение: 7.54 Вольт
Напряжение: 7.55 Вольт
Напряжение: 7.54 Вольт
Напряжение: 7.55 Вольт
Напряжение: 7.55 Вольт
Напряжение: 7.54 Вольт
Напряжение: 7.54 Вольт
Напряжение: 7.54 Вольт
Напряжение: 7.54 Вольт
Стартер выключил, ожидаем 6 сек.
Напряжение: 7.55 Вольт
Выключить все
Попытка №2
Стартер включил
Напряжение: 7.58 Вольт
Напряжение: 7.55 Вольт
Напряжение: 7.57 Вольт
Напряжение: 7.57 Вольт
Напряжение: 7.58 Вольт
Напряжение: 7.58 Вольт
Напряжение: 7.55 Вольт
Напряжение: 7.57 Вольт
Напряжение: 7.58 Вольт
Напряжение: 7.58 Вольт
Напряжение: 7.55 Вольт
Напряжение: 7.57 Вольт
Напряжение: 7.57 Вольт
Напряжение: 7.58 Вольт
Напряжение: 7.58 Вольт
Напряжение: 7.58 Вольт
Напряжение: 7.58 Вольт
Напряжение: 7.57 Вольт
Напряжение: 7.58 Вольт
Напряжение: 7.58 Вольт
Напряжение: 7.58 Вольт
Напряжение: 7.55 Вольт
Стартер выключил, ожидаем 6 сек.
Напряжение: 7.58 Вольт
Выключить все
Попытка №3
Стартер включил
Напряжение: 7.58 Вольт
Напряжение: 7.55 Вольт
Напряжение: 7.58 Вольт
Напряжение: 7.58 Вольт
Напряжение: 7.58 Вольт
Напряжение: 7.57 Вольт
Напряжение: 7.58 Вольт
Напряжение: 7.57 Вольт
Напряжение: 7.58 Вольт
Напряжение: 7.55 Вольт
Напряжение: 7.58 Вольт
Напряжение: 7.58 Вольт
Напряжение: 7.57 Вольт
Напряжение: 7.58 Вольт
Напряжение: 7.57 Вольт
Напряжение: 7.55 Вольт
Напряжение: 7.58 Вольт
Напряжение: 7.57 Вольт
Напряжение: 7.58 Вольт
Напряжение: 7.55 Вольт
Напряжение: 7.58 Вольт
Напряжение: 7.58 Вольт
Напряжение: 7.58 Вольт
Напряжение: 7.58 Вольт
Напряжение: 7.58 Вольт
Напряжение: 7.58 Вольт
Стартер выключил, ожидаем 6 сек.
Напряжение: 7.57 Вольт
Выключить все
Выход из запуска

+TCPRECV:0,8,#estart                          // прилет команды с запозданием


Напряжение: 7.57 Вольт
Сетчк: 30
Таймер:0


+TCPCLOSE:0,Link Closed
AT+CMGS="+375290000000"

> Privet G

+CMGS: 70

OK

Напряжение: 7.58 Вольт
Сетчк: 29
Таймер:0

Напряжение: 7.57 Вольт
Сетчк: 28
Таймер:0

Напряжение: 7.57 Вольт
Сетчк: 27
Таймер:0

Напряжение: 7.58 Вольт
Сетчк: 26
Таймер:0

Напряжение: 7.57 Вольт
Сетчк: 25
Таймер:0


